<?xml version="1.0" encoding="UTF-8"?>
<testng-results ignored="0" total="1" passed="1" failed="0" skipped="0">
  <reporter-output>
  </reporter-output>
  <suite started-at="2022-12-05T12:44:17 CST" name="Default suite" finished-at="2022-12-05T12:44:23 CST" duration-ms="5765">
    <groups>
    </groups>
    <test started-at="2022-12-05T12:44:17 CST" name="Default test" finished-at="2022-12-05T12:44:23 CST" duration-ms="5765">
      <class name="SelectMenuTests">
        <test-method is-config="true" signature="setup()[pri:0, instance:SelectMenuTests@2177849e]" started-at="2022-12-05T12:44:17 CST" name="setup" finished-at="2022-12-05T12:44:20 CST" duration-ms="2907" status="PASS">
          <reporter-output>
          </reporter-output>
        </test-method> <!-- setup -->
        <test-method is-config="true" signature="beforeMethod()[pri:0, instance:SelectMenuTests@2177849e]" started-at="2022-12-05T12:44:20 CST" name="beforeMethod" finished-at="2022-12-05T12:44:22 CST" duration-ms="2164" status="PASS">
          <reporter-output>
          </reporter-output>
        </test-method> <!-- beforeMethod -->
        <test-method signature="canSetValue()[pri:0, instance:SelectMenuTests@2177849e]" started-at="2022-12-05T12:44:22 CST" name="canSetValue" finished-at="2022-12-05T12:44:23 CST" duration-ms="601" status="PASS">
          <reporter-output>
          </reporter-output>
        </test-method> <!-- canSetValue -->
        <test-method is-config="true" signature="cleanup()[pri:0, instance:SelectMenuTests@2177849e]" started-at="2022-12-05T12:44:23 CST" name="cleanup" finished-at="2022-12-05T12:44:23 CST" duration-ms="79" status="PASS">
          <reporter-output>
          </reporter-output>
        </test-method> <!-- cleanup -->
      </class> <!-- SelectMenuTests -->
    </test> <!-- Default test -->
  </suite> <!-- Default suite -->
</testng-results>
