<?xml version="1.0" encoding="UTF-8"?>
<testng-results ignored="0" total="7" passed="7" failed="0" skipped="0">
  <reporter-output>
  </reporter-output>
  <suite started-at="2022-11-04T21:08:01 CDT" name="Default suite" finished-at="2022-11-04T21:08:01 CDT" duration-ms="22">
    <groups>
    </groups>
    <test started-at="2022-11-04T21:08:01 CDT" name="Default test" finished-at="2022-11-04T21:08:01 CDT" duration-ms="22">
      <class name="DataProviderTests">
        <test-method signature="canGetCity()[pri:0, instance:DataProviderTests@11c9af63]" started-at="2022-11-04T21:08:01 CDT" name="canGetCity" finished-at="2022-11-04T21:08:01 CDT" duration-ms="4" status="PASS">
          <reporter-output>
          </reporter-output>
        </test-method> <!-- canGetCity -->
        <test-method signature="canGetCityFromObjectMother()[pri:0, instance:DataProviderTests@11c9af63]" started-at="2022-11-04T21:08:01 CDT" name="canGetCityFromObjectMother" finished-at="2022-11-04T21:08:01 CDT" duration-ms="2" status="PASS">
          <reporter-output>
          </reporter-output>
        </test-method> <!-- canGetCityFromObjectMother -->
        <test-method signature="canGetCountyFromObjectMother()[pri:0, instance:DataProviderTests@11c9af63]" started-at="2022-11-04T21:08:01 CDT" name="canGetCountyFromObjectMother" finished-at="2022-11-04T21:08:01 CDT" duration-ms="1" status="PASS">
          <reporter-output>
          </reporter-output>
        </test-method> <!-- canGetCountyFromObjectMother -->
        <test-method signature="canGetCounty()[pri:0, instance:DataProviderTests@11c9af63]" started-at="2022-11-04T21:08:01 CDT" name="canGetCounty" finished-at="2022-11-04T21:08:01 CDT" duration-ms="0" status="PASS">
          <reporter-output>
          </reporter-output>
        </test-method> <!-- canGetCounty -->
        <test-method signature="canGetStateAbbreviation()[pri:0, instance:DataProviderTests@11c9af63]" started-at="2022-11-04T21:08:01 CDT" name="canGetStateAbbreviation" finished-at="2022-11-04T21:08:01 CDT" duration-ms="1" status="PASS">
          <reporter-output>
          </reporter-output>
        </test-method> <!-- canGetStateAbbreviation -->
        <test-method signature="canGetStateName()[pri:0, instance:DataProviderTests@11c9af63]" started-at="2022-11-04T21:08:01 CDT" name="canGetStateName" finished-at="2022-11-04T21:08:01 CDT" duration-ms="0" status="PASS">
          <reporter-output>
          </reporter-output>
        </test-method> <!-- canGetStateName -->
        <test-method signature="canGetStateNameFromObjectMother()[pri:0, instance:DataProviderTests@11c9af63]" started-at="2022-11-04T21:08:01 CDT" name="canGetStateNameFromObjectMother" finished-at="2022-11-04T21:08:01 CDT" duration-ms="0" status="PASS">
          <reporter-output>
          </reporter-output>
        </test-method> <!-- canGetStateNameFromObjectMother -->
      </class> <!-- DataProviderTests -->
    </test> <!-- Default test -->
  </suite> <!-- Default suite -->
</testng-results>
