<?xml version="1.0" encoding="UTF-8"?>
<!-- Generated by org.testng.reporters.JUnitXMLReporter -->
<testsuite ignored="2" hostname="Abels-MacBook-Pro.local" failures="0" tests="1" name="Default test" time="0.019" errors="0" timestamp="2022-11-03T20:05:59 CDT">
  <testcase classname="DataProviderTests" name="canGetStateNameFromObjectMother" time="0.006"/>
  <testcase classname="DataProviderTests" name="canGetStateName" time="0.0">
    <ignored/>
  </testcase> <!-- canGetStateName -->
  <testcase classname="DataProviderTests" name="canGetStateAbbreviation" time="0.0">
    <ignored/>
  </testcase> <!-- canGetStateAbbreviation -->
</testsuite> <!-- Default test -->
