<?xml version="1.0" encoding="UTF-8"?>
<!-- Generated by org.testng.reporters.JUnitXMLReporter -->
<testsuite ignored="1" hostname="Abels-MacBook-Pro.local" failures="0" tests="1" name="Default test" time="0.073" errors="0" timestamp="2022-12-13T15:20:17 CST">
  <testcase classname="BassCSVTests" name="canGetCSVFileIntoHashMapMakesAndModels" time="0.005"/>
  <testcase classname="BassCSVTests" name="canHydrate" time="0.0">
    <ignored/>
  </testcase> <!-- canHydrate -->
</testsuite> <!-- Default test -->
