<?xml version="1.0" encoding="UTF-8"?>
<testng-results ignored="1" total="2" passed="1" failed="0" skipped="0">
  <reporter-output>
  </reporter-output>
  <suite started-at="2022-12-13T13:15:17 CST" name="Default suite" finished-at="2022-12-13T13:15:17 CST" duration-ms="72">
    <groups>
    </groups>
    <test started-at="2022-12-13T13:15:17 CST" name="Default test" finished-at="2022-12-13T13:15:17 CST" duration-ms="72">
      <class name="BassCSVTests">
        <test-method is-config="true" signature="beforeMethod()[pri:0, instance:BassCSVTests@1fb700ee]" started-at="2022-12-13T13:15:17 CST" name="beforeMethod" finished-at="2022-12-13T13:15:17 CST" duration-ms="53" status="PASS">
          <reporter-output>
          </reporter-output>
        </test-method> <!-- beforeMethod -->
        <test-method signature="canHydrate()[pri:0, instance:BassCSVTests@1fb700ee]" started-at="2022-12-13T13:15:17 CST" name="canHydrate" finished-at="2022-12-13T13:15:17 CST" duration-ms="6" status="PASS">
          <reporter-output>
          </reporter-output>
        </test-method> <!-- canHydrate -->
      </class> <!-- BassCSVTests -->
    </test> <!-- Default test -->
  </suite> <!-- Default suite -->
</testng-results>
