<?xml version="1.0" encoding="UTF-8"?>
<testng-results ignored="1" total="2" passed="1" failed="0" skipped="0">
  <reporter-output>
  </reporter-output>
  <suite started-at="2022-12-13T15:20:17 CST" name="Default suite" finished-at="2022-12-13T15:20:17 CST" duration-ms="73">
    <groups>
    </groups>
    <test started-at="2022-12-13T15:20:17 CST" name="Default test" finished-at="2022-12-13T15:20:17 CST" duration-ms="73">
      <class name="BassCSVTests">
        <test-method is-config="true" signature="beforeMethod()[pri:0, instance:BassCSVTests@1fb700ee]" started-at="2022-12-13T15:20:17 CST" name="beforeMethod" finished-at="2022-12-13T15:20:17 CST" duration-ms="50" status="PASS">
          <reporter-output>
          </reporter-output>
        </test-method> <!-- beforeMethod -->
        <test-method signature="canGetCSVFileIntoHashMapMakesAndModels()[pri:0, instance:BassCSVTests@1fb700ee]" started-at="2022-12-13T15:20:17 CST" name="canGetCSVFileIntoHashMapMakesAndModels" finished-at="2022-12-13T15:20:17 CST" duration-ms="5" status="PASS">
          <reporter-output>
          </reporter-output>
        </test-method> <!-- canGetCSVFileIntoHashMapMakesAndModels -->
      </class> <!-- BassCSVTests -->
    </test> <!-- Default test -->
  </suite> <!-- Default suite -->
</testng-results>
